2017-08-16 16:18:08 [scrapy.utils.log] INFO: Scrapy 1.3.2 started (bot: scrapy_guahao)
2017-08-16 16:18:08 [scrapy.utils.log] INFO: Overridden settings: {'NEWSPIDER_MODULE': 'scrapy_guahao.spiders', 'CONCURRENT_REQUESTS': 1, 'SPIDER_MODULES': ['scrapy_guahao.spiders'], 'BOT_NAME': 'scrapy_guahao', 'LOG_FILE': '1.log', 'DOWNLOAD_DELAY': 0.25}
2017-08-16 16:18:08 [scrapy.middleware] INFO: Enabled extensions:
['scrapy.extensions.logstats.LogStats',
 'scrapy.extensions.telnet.TelnetConsole',
 'scrapy.extensions.corestats.CoreStats']
2017-08-16 16:18:09 [scrapy.middleware] INFO: Enabled downloader middlewares:
['scrapy.downloadermiddlewares.httpauth.HttpAuthMiddleware',
 'scrapy.downloadermiddlewares.downloadtimeout.DownloadTimeoutMiddleware',
 'scrapy.downloadermiddlewares.defaultheaders.DefaultHeadersMiddleware',
 'scrapy.downloadermiddlewares.useragent.UserAgentMiddleware',
 'scrapy.downloadermiddlewares.retry.RetryMiddleware',
 'scrapy.downloadermiddlewares.redirect.MetaRefreshMiddleware',
 'scrapy.downloadermiddlewares.httpcompression.HttpCompressionMiddleware',
 'scrapy.downloadermiddlewares.redirect.RedirectMiddleware',
 'scrapy.downloadermiddlewares.cookies.CookiesMiddleware',
 'scrapy.downloadermiddlewares.stats.DownloaderStats']
2017-08-16 16:18:09 [scrapy.middleware] INFO: Enabled spider middlewares:
['scrapy.spidermiddlewares.httperror.HttpErrorMiddleware',
 'scrapy.spidermiddlewares.offsite.OffsiteMiddleware',
 'scrapy.spidermiddlewares.referer.RefererMiddleware',
 'scrapy.spidermiddlewares.urllength.UrlLengthMiddleware',
 'scrapy.spidermiddlewares.depth.DepthMiddleware']
2017-08-16 16:18:09 [scrapy.middleware] INFO: Enabled item pipelines:
[]
2017-08-16 16:18:09 [scrapy.core.engine] INFO: Spider opened
2017-08-16 16:18:09 [scrapy.extensions.logstats] INFO: Crawled 0 pages (at 0 pages/min), scraped 0 items (at 0 items/min)
2017-08-16 16:18:09 [scrapy.extensions.telnet] DEBUG: Telnet console listening on 127.0.0.1:6024
2017-08-16 16:18:09 [scrapy.core.engine] DEBUG: Crawled (200) <GET https://wap.91160.com/doctor/schedule.html?unit_id=131&dep_id=769&doctor_id=18241> (referer: None)
2017-08-16 16:18:10 [scrapy.core.engine] DEBUG: Crawled (200) <GET https://wap.91160.com/doctor/schedule.html?unit_id=131&dep_id=769&doctor_id=18241> (referer: None)
2017-08-16 16:18:11 [scrapy.core.engine] DEBUG: Crawled (200) <GET https://wap.91160.com/doctor/schedule.html?unit_id=131&dep_id=769&doctor_id=18241> (referer: None)
2017-08-16 16:18:12 [scrapy.core.engine] DEBUG: Crawled (200) <GET https://wap.91160.com/doctor/schedule.html?unit_id=131&dep_id=769&doctor_id=18241> (referer: None)
2017-08-16 16:18:13 [scrapy.core.engine] DEBUG: Crawled (200) <GET https://wap.91160.com/doctor/schedule.html?unit_id=131&dep_id=769&doctor_id=18241> (referer: None)
2017-08-16 16:18:14 [scrapy.core.engine] DEBUG: Crawled (200) <GET https://wap.91160.com/doctor/schedule.html?unit_id=131&dep_id=769&doctor_id=18241> (referer: None)
2017-08-16 16:18:15 [scrapy.core.engine] DEBUG: Crawled (200) <GET https://wap.91160.com/doctor/schedule.html?unit_id=131&dep_id=769&doctor_id=18241> (referer: None)
2017-08-16 16:18:16 [scrapy.core.engine] DEBUG: Crawled (200) <GET https://wap.91160.com/doctor/schedule.html?unit_id=131&dep_id=769&doctor_id=18241> (referer: None)
2017-08-16 16:18:16 [scrapy.crawler] INFO: Received SIGINT, shutting down gracefully. Send again to force 
2017-08-16 16:18:16 [scrapy.core.engine] ERROR: Error while obtaining start requests
Traceback (most recent call last):
  File "c:\python27\lib\site-packages\scrapy\core\engine.py", line 127, in _next_request
    request = next(slot.start_requests)
  File "d:\git\git\scrapy_guahao\scrapy_guahao\spiders\guahao.py", line 25, in start_requests
    time.sleep(0.5)
IOError: [Errno 4] Interrupted function call
2017-08-16 16:18:16 [scrapy.core.engine] INFO: Closing spider (shutdown)
2017-08-16 16:18:16 [scrapy.statscollectors] INFO: Dumping Scrapy stats:
{'downloader/request_bytes': 5223,
 'downloader/request_count': 8,
 'downloader/request_method_count/GET': 8,
 'downloader/response_bytes': 9728,
 'downloader/response_count': 8,
 'downloader/response_status_count/200': 8,
 'finish_reason': 'shutdown',
 'finish_time': datetime.datetime(2017, 8, 16, 8, 18, 16, 685000),
 'log_count/DEBUG': 9,
 'log_count/ERROR': 1,
 'log_count/INFO': 8,
 'response_received_count': 8,
 'scheduler/dequeued': 8,
 'scheduler/dequeued/memory': 8,
 'scheduler/enqueued': 8,
 'scheduler/enqueued/memory': 8,
 'start_time': datetime.datetime(2017, 8, 16, 8, 18, 9, 69000)}
2017-08-16 16:18:16 [scrapy.core.engine] INFO: Spider closed (shutdown)
2017-08-16 16:18:31 [scrapy.utils.log] INFO: Scrapy 1.3.2 started (bot: scrapy_guahao)
2017-08-16 16:18:31 [scrapy.utils.log] INFO: Overridden settings: {'NEWSPIDER_MODULE': 'scrapy_guahao.spiders', 'CONCURRENT_REQUESTS': 1, 'SPIDER_MODULES': ['scrapy_guahao.spiders'], 'BOT_NAME': 'scrapy_guahao', 'LOG_FILE': '1.log', 'DOWNLOAD_DELAY': 0.25}
2017-08-16 16:18:31 [scrapy.middleware] INFO: Enabled extensions:
['scrapy.extensions.logstats.LogStats',
 'scrapy.extensions.telnet.TelnetConsole',
 'scrapy.extensions.corestats.CoreStats']
2017-08-16 16:18:31 [scrapy.middleware] INFO: Enabled downloader middlewares:
['scrapy.downloadermiddlewares.httpauth.HttpAuthMiddleware',
 'scrapy.downloadermiddlewares.downloadtimeout.DownloadTimeoutMiddleware',
 'scrapy.downloadermiddlewares.defaultheaders.DefaultHeadersMiddleware',
 'scrapy.downloadermiddlewares.useragent.UserAgentMiddleware',
 'scrapy.downloadermiddlewares.retry.RetryMiddleware',
 'scrapy.downloadermiddlewares.redirect.MetaRefreshMiddleware',
 'scrapy.downloadermiddlewares.httpcompression.HttpCompressionMiddleware',
 'scrapy.downloadermiddlewares.redirect.RedirectMiddleware',
 'scrapy.downloadermiddlewares.cookies.CookiesMiddleware',
 'scrapy.downloadermiddlewares.stats.DownloaderStats']
2017-08-16 16:18:31 [scrapy.middleware] INFO: Enabled spider middlewares:
['scrapy.spidermiddlewares.httperror.HttpErrorMiddleware',
 'scrapy.spidermiddlewares.offsite.OffsiteMiddleware',
 'scrapy.spidermiddlewares.referer.RefererMiddleware',
 'scrapy.spidermiddlewares.urllength.UrlLengthMiddleware',
 'scrapy.spidermiddlewares.depth.DepthMiddleware']
2017-08-16 16:18:31 [scrapy.middleware] INFO: Enabled item pipelines:
[]
2017-08-16 16:18:31 [scrapy.core.engine] INFO: Spider opened
2017-08-16 16:18:31 [scrapy.extensions.logstats] INFO: Crawled 0 pages (at 0 pages/min), scraped 0 items (at 0 items/min)
2017-08-16 16:18:31 [scrapy.extensions.telnet] DEBUG: Telnet console listening on 127.0.0.1:6024
2017-08-16 16:18:32 [scrapy.core.engine] DEBUG: Crawled (200) <GET https://wap.91160.com/doctor/schedule.html?unit_id=131&dep_id=769&doctor_id=18241> (referer: None)
2017-08-16 16:18:33 [scrapy.core.engine] DEBUG: Crawled (200) <GET https://wap.91160.com/doctor/schedule.html?unit_id=131&dep_id=769&doctor_id=18241> (referer: None)
2017-08-16 16:18:34 [scrapy.core.engine] DEBUG: Crawled (200) <GET https://wap.91160.com/doctor/schedule.html?unit_id=131&dep_id=769&doctor_id=18241> (referer: None)
2017-08-16 16:18:35 [scrapy.core.engine] DEBUG: Crawled (200) <GET https://wap.91160.com/doctor/schedule.html?unit_id=131&dep_id=769&doctor_id=18241> (referer: None)
2017-08-16 16:18:36 [scrapy.core.engine] DEBUG: Crawled (200) <GET https://wap.91160.com/doctor/schedule.html?unit_id=131&dep_id=769&doctor_id=18241> (referer: None)
2017-08-16 16:18:36 [scrapy.core.engine] DEBUG: Crawled (200) <GET https://wap.91160.com/doctor/schedule.html?unit_id=131&dep_id=769&doctor_id=18241> (referer: None)
2017-08-16 16:18:37 [scrapy.core.engine] DEBUG: Crawled (200) <GET https://wap.91160.com/doctor/schedule.html?unit_id=131&dep_id=769&doctor_id=18241> (referer: None)
2017-08-16 16:18:38 [scrapy.core.engine] DEBUG: Crawled (200) <GET https://wap.91160.com/doctor/schedule.html?unit_id=131&dep_id=769&doctor_id=18241> (referer: None)
2017-08-16 16:18:39 [scrapy.core.engine] DEBUG: Crawled (200) <GET https://wap.91160.com/doctor/schedule.html?unit_id=131&dep_id=769&doctor_id=18241> (referer: None)
2017-08-16 16:18:40 [scrapy.core.engine] DEBUG: Crawled (200) <GET https://wap.91160.com/doctor/schedule.html?unit_id=131&dep_id=769&doctor_id=18241> (referer: None)
2017-08-16 16:18:41 [scrapy.core.engine] DEBUG: Crawled (200) <GET https://wap.91160.com/doctor/schedule.html?unit_id=131&dep_id=769&doctor_id=18241> (referer: None)
2017-08-16 16:18:42 [scrapy.core.engine] DEBUG: Crawled (200) <GET https://wap.91160.com/doctor/schedule.html?unit_id=131&dep_id=769&doctor_id=18241> (referer: None)
2017-08-16 16:18:43 [scrapy.core.engine] DEBUG: Crawled (200) <GET https://wap.91160.com/doctor/schedule.html?unit_id=131&dep_id=769&doctor_id=18241> (referer: None)
2017-08-16 16:18:44 [scrapy.core.engine] DEBUG: Crawled (200) <GET https://wap.91160.com/doctor/schedule.html?unit_id=131&dep_id=769&doctor_id=18241> (referer: None)
2017-08-16 16:18:45 [scrapy.core.engine] DEBUG: Crawled (200) <GET https://wap.91160.com/doctor/schedule.html?unit_id=131&dep_id=769&doctor_id=18241> (referer: None)
2017-08-16 16:18:46 [scrapy.core.engine] DEBUG: Crawled (200) <GET https://wap.91160.com/doctor/schedule.html?unit_id=131&dep_id=769&doctor_id=18241> (referer: None)
2017-08-16 16:18:47 [scrapy.core.engine] DEBUG: Crawled (200) <GET https://wap.91160.com/doctor/schedule.html?unit_id=131&dep_id=769&doctor_id=18241> (referer: None)
2017-08-16 16:18:48 [scrapy.core.engine] DEBUG: Crawled (200) <GET https://wap.91160.com/doctor/schedule.html?unit_id=131&dep_id=769&doctor_id=18241> (referer: None)
2017-08-16 16:18:49 [scrapy.core.engine] DEBUG: Crawled (200) <GET https://wap.91160.com/doctor/schedule.html?unit_id=131&dep_id=769&doctor_id=18241> (referer: None)
2017-08-16 16:18:50 [scrapy.core.engine] DEBUG: Crawled (200) <GET https://wap.91160.com/doctor/schedule.html?unit_id=131&dep_id=769&doctor_id=18241> (referer: None)
2017-08-16 16:18:51 [scrapy.core.engine] DEBUG: Crawled (200) <GET https://wap.91160.com/doctor/schedule.html?unit_id=131&dep_id=769&doctor_id=18241> (referer: None)
2017-08-16 16:18:52 [scrapy.core.engine] DEBUG: Crawled (200) <GET https://wap.91160.com/doctor/schedule.html?unit_id=131&dep_id=769&doctor_id=18241> (referer: None)
2017-08-16 16:18:53 [scrapy.core.engine] DEBUG: Crawled (200) <GET https://wap.91160.com/doctor/schedule.html?unit_id=131&dep_id=769&doctor_id=18241> (referer: None)
2017-08-16 16:18:54 [scrapy.core.engine] DEBUG: Crawled (200) <GET https://wap.91160.com/doctor/schedule.html?unit_id=131&dep_id=769&doctor_id=18241> (referer: None)
2017-08-16 16:18:55 [scrapy.core.engine] DEBUG: Crawled (200) <GET https://wap.91160.com/doctor/schedule.html?unit_id=131&dep_id=769&doctor_id=18241> (referer: None)
2017-08-16 16:18:56 [scrapy.core.engine] DEBUG: Crawled (200) <GET https://wap.91160.com/doctor/schedule.html?unit_id=131&dep_id=769&doctor_id=18241> (referer: None)
2017-08-16 16:18:57 [scrapy.core.engine] DEBUG: Crawled (200) <GET https://wap.91160.com/doctor/schedule.html?unit_id=131&dep_id=769&doctor_id=18241> (referer: None)
2017-08-16 16:18:58 [scrapy.core.engine] DEBUG: Crawled (200) <GET https://wap.91160.com/doctor/schedule.html?unit_id=131&dep_id=769&doctor_id=18241> (referer: None)
2017-08-16 16:18:59 [scrapy.core.engine] DEBUG: Crawled (200) <GET https://wap.91160.com/doctor/schedule.html?unit_id=131&dep_id=769&doctor_id=18241> (referer: None)
2017-08-16 16:19:00 [scrapy.core.engine] DEBUG: Crawled (200) <GET https://wap.91160.com/doctor/schedule.html?unit_id=131&dep_id=769&doctor_id=18241> (referer: None)
2017-08-16 16:19:01 [scrapy.core.engine] DEBUG: Crawled (200) <GET https://wap.91160.com/doctor/schedule.html?unit_id=131&dep_id=769&doctor_id=18241> (referer: None)
2017-08-16 16:19:02 [scrapy.core.engine] DEBUG: Crawled (200) <GET https://wap.91160.com/doctor/schedule.html?unit_id=131&dep_id=769&doctor_id=18241> (referer: None)
2017-08-16 16:19:03 [scrapy.core.engine] DEBUG: Crawled (200) <GET https://wap.91160.com/doctor/schedule.html?unit_id=131&dep_id=769&doctor_id=18241> (referer: None)
2017-08-16 16:19:04 [scrapy.core.engine] DEBUG: Crawled (200) <GET https://wap.91160.com/doctor/schedule.html?unit_id=131&dep_id=769&doctor_id=18241> (referer: None)
2017-08-16 16:19:06 [scrapy.core.engine] DEBUG: Crawled (200) <GET https://wap.91160.com/doctor/schedule.html?unit_id=131&dep_id=769&doctor_id=18241> (referer: None)
2017-08-16 16:19:07 [scrapy.core.engine] DEBUG: Crawled (200) <GET https://wap.91160.com/doctor/schedule.html?unit_id=131&dep_id=769&doctor_id=18241> (referer: None)
2017-08-16 16:19:07 [scrapy.core.engine] DEBUG: Crawled (200) <GET https://wap.91160.com/doctor/schedule.html?unit_id=131&dep_id=769&doctor_id=18241> (referer: None)
2017-08-16 16:19:09 [scrapy.core.engine] DEBUG: Crawled (200) <GET https://wap.91160.com/doctor/schedule.html?unit_id=131&dep_id=769&doctor_id=18241> (referer: None)
2017-08-16 16:19:10 [scrapy.core.engine] DEBUG: Crawled (200) <GET https://wap.91160.com/doctor/schedule.html?unit_id=131&dep_id=769&doctor_id=18241> (referer: None)
2017-08-16 16:19:11 [scrapy.core.engine] DEBUG: Crawled (200) <GET https://wap.91160.com/doctor/schedule.html?unit_id=131&dep_id=769&doctor_id=18241> (referer: None)
2017-08-16 16:19:12 [scrapy.core.engine] DEBUG: Crawled (200) <GET https://wap.91160.com/doctor/schedule.html?unit_id=131&dep_id=769&doctor_id=18241> (referer: None)
2017-08-16 16:19:13 [scrapy.core.engine] DEBUG: Crawled (200) <GET https://wap.91160.com/doctor/schedule.html?unit_id=131&dep_id=769&doctor_id=18241> (referer: None)
2017-08-16 16:19:14 [scrapy.core.engine] DEBUG: Crawled (200) <GET https://wap.91160.com/doctor/schedule.html?unit_id=131&dep_id=769&doctor_id=18241> (referer: None)
2017-08-16 16:19:15 [scrapy.core.engine] DEBUG: Crawled (200) <GET https://wap.91160.com/doctor/schedule.html?unit_id=131&dep_id=769&doctor_id=18241> (referer: None)
2017-08-16 16:19:16 [scrapy.core.engine] DEBUG: Crawled (200) <GET https://wap.91160.com/doctor/schedule.html?unit_id=131&dep_id=769&doctor_id=18241> (referer: None)
2017-08-16 16:19:17 [scrapy.core.engine] DEBUG: Crawled (200) <GET https://wap.91160.com/doctor/schedule.html?unit_id=131&dep_id=769&doctor_id=18241> (referer: None)
2017-08-16 16:19:18 [scrapy.core.engine] DEBUG: Crawled (200) <GET https://wap.91160.com/doctor/schedule.html?unit_id=131&dep_id=769&doctor_id=18241> (referer: None)
2017-08-16 16:19:19 [scrapy.core.engine] DEBUG: Crawled (200) <GET https://wap.91160.com/doctor/schedule.html?unit_id=131&dep_id=769&doctor_id=18241> (referer: None)
2017-08-16 16:19:20 [scrapy.core.engine] DEBUG: Crawled (200) <GET https://wap.91160.com/doctor/schedule.html?unit_id=131&dep_id=769&doctor_id=18241> (referer: None)
2017-08-16 16:19:21 [scrapy.core.engine] DEBUG: Crawled (200) <GET https://wap.91160.com/doctor/schedule.html?unit_id=131&dep_id=769&doctor_id=18241> (referer: None)
2017-08-16 16:19:22 [scrapy.core.engine] DEBUG: Crawled (200) <GET https://wap.91160.com/doctor/schedule.html?unit_id=131&dep_id=769&doctor_id=18241> (referer: None)
2017-08-16 16:19:22 [scrapy.core.engine] DEBUG: Crawled (200) <GET https://wap.91160.com/doctor/schedule.html?unit_id=131&dep_id=769&doctor_id=18241> (referer: None)
2017-08-16 16:19:23 [scrapy.core.engine] DEBUG: Crawled (200) <GET https://wap.91160.com/doctor/schedule.html?unit_id=131&dep_id=769&doctor_id=18241> (referer: None)
2017-08-16 16:19:24 [scrapy.core.engine] DEBUG: Crawled (200) <GET https://wap.91160.com/doctor/schedule.html?unit_id=131&dep_id=769&doctor_id=18241> (referer: None)
2017-08-16 16:19:25 [scrapy.core.engine] DEBUG: Crawled (200) <GET https://wap.91160.com/doctor/schedule.html?unit_id=131&dep_id=769&doctor_id=18241> (referer: None)
2017-08-16 16:19:26 [scrapy.core.engine] DEBUG: Crawled (200) <GET https://wap.91160.com/doctor/schedule.html?unit_id=131&dep_id=769&doctor_id=18241> (referer: None)
2017-08-16 16:19:27 [scrapy.core.engine] DEBUG: Crawled (200) <GET https://wap.91160.com/doctor/schedule.html?unit_id=131&dep_id=769&doctor_id=18241> (referer: None)
2017-08-16 16:19:28 [scrapy.core.engine] DEBUG: Crawled (200) <GET https://wap.91160.com/doctor/schedule.html?unit_id=131&dep_id=769&doctor_id=18241> (referer: None)
2017-08-16 16:19:29 [scrapy.core.engine] DEBUG: Crawled (200) <GET https://wap.91160.com/doctor/schedule.html?unit_id=131&dep_id=769&doctor_id=18241> (referer: None)
2017-08-16 16:19:30 [scrapy.core.engine] DEBUG: Crawled (200) <GET https://wap.91160.com/doctor/schedule.html?unit_id=131&dep_id=769&doctor_id=18241> (referer: None)
2017-08-16 16:19:31 [scrapy.core.engine] DEBUG: Crawled (200) <GET https://wap.91160.com/doctor/schedule.html?unit_id=131&dep_id=769&doctor_id=18241> (referer: None)
2017-08-16 16:19:31 [scrapy.extensions.logstats] INFO: Crawled 61 pages (at 61 pages/min), scraped 0 items (at 0 items/min)
2017-08-16 16:19:32 [scrapy.core.engine] DEBUG: Crawled (200) <GET https://wap.91160.com/doctor/schedule.html?unit_id=131&dep_id=769&doctor_id=18241> (referer: None)
2017-08-16 16:19:33 [scrapy.core.engine] DEBUG: Crawled (200) <GET https://wap.91160.com/doctor/schedule.html?unit_id=131&dep_id=769&doctor_id=18241> (referer: None)
2017-08-16 16:19:34 [scrapy.core.engine] DEBUG: Crawled (200) <GET https://wap.91160.com/doctor/schedule.html?unit_id=131&dep_id=769&doctor_id=18241> (referer: None)
2017-08-16 16:19:35 [scrapy.core.engine] DEBUG: Crawled (200) <GET https://wap.91160.com/doctor/schedule.html?unit_id=131&dep_id=769&doctor_id=18241> (referer: None)
2017-08-16 16:19:36 [scrapy.core.engine] DEBUG: Crawled (200) <GET https://wap.91160.com/doctor/schedule.html?unit_id=131&dep_id=769&doctor_id=18241> (referer: None)
2017-08-16 16:19:36 [scrapy.core.engine] DEBUG: Crawled (200) <GET https://wap.91160.com/doctor/schedule.html?unit_id=131&dep_id=769&doctor_id=18241> (referer: None)
2017-08-16 16:19:37 [scrapy.core.engine] DEBUG: Crawled (200) <GET https://wap.91160.com/doctor/schedule.html?unit_id=131&dep_id=769&doctor_id=18241> (referer: None)
2017-08-16 16:19:38 [scrapy.core.engine] DEBUG: Crawled (200) <GET https://wap.91160.com/doctor/schedule.html?unit_id=131&dep_id=769&doctor_id=18241> (referer: None)
2017-08-16 16:19:39 [scrapy.core.engine] DEBUG: Crawled (200) <GET https://wap.91160.com/doctor/schedule.html?unit_id=131&dep_id=769&doctor_id=18241> (referer: None)
2017-08-16 16:19:40 [scrapy.core.engine] DEBUG: Crawled (200) <GET https://wap.91160.com/doctor/schedule.html?unit_id=131&dep_id=769&doctor_id=18241> (referer: None)
2017-08-16 16:19:42 [scrapy.core.engine] DEBUG: Crawled (200) <GET https://wap.91160.com/doctor/schedule.html?unit_id=131&dep_id=769&doctor_id=18241> (referer: None)
2017-08-16 16:19:42 [scrapy.core.engine] DEBUG: Crawled (200) <GET https://wap.91160.com/doctor/schedule.html?unit_id=131&dep_id=769&doctor_id=18241> (referer: None)
2017-08-16 16:19:43 [scrapy.core.engine] DEBUG: Crawled (200) <GET https://wap.91160.com/doctor/schedule.html?unit_id=131&dep_id=769&doctor_id=18241> (referer: None)
2017-08-16 16:19:45 [scrapy.core.engine] DEBUG: Crawled (200) <GET https://wap.91160.com/doctor/schedule.html?unit_id=131&dep_id=769&doctor_id=18241> (referer: None)
2017-08-16 16:19:45 [scrapy.core.engine] DEBUG: Crawled (200) <GET https://wap.91160.com/doctor/schedule.html?unit_id=131&dep_id=769&doctor_id=18241> (referer: None)
2017-08-16 16:19:46 [scrapy.core.engine] DEBUG: Crawled (200) <GET https://wap.91160.com/doctor/schedule.html?unit_id=131&dep_id=769&doctor_id=18241> (referer: None)
2017-08-16 16:19:47 [scrapy.core.engine] DEBUG: Crawled (200) <GET https://wap.91160.com/doctor/schedule.html?unit_id=131&dep_id=769&doctor_id=18241> (referer: None)
2017-08-16 16:19:48 [scrapy.core.engine] DEBUG: Crawled (200) <GET https://wap.91160.com/doctor/schedule.html?unit_id=131&dep_id=769&doctor_id=18241> (referer: None)
2017-08-16 16:19:49 [scrapy.core.engine] DEBUG: Crawled (200) <GET https://wap.91160.com/doctor/schedule.html?unit_id=131&dep_id=769&doctor_id=18241> (referer: None)
2017-08-16 16:19:52 [scrapy.core.engine] DEBUG: Crawled (200) <GET https://wap.91160.com/doctor/schedule.html?unit_id=131&dep_id=769&doctor_id=18241> (referer: None)
2017-08-16 16:19:52 [scrapy.core.engine] DEBUG: Crawled (200) <GET https://wap.91160.com/doctor/schedule.html?unit_id=131&dep_id=769&doctor_id=18241> (referer: None)
2017-08-16 16:19:53 [scrapy.core.engine] DEBUG: Crawled (200) <GET https://wap.91160.com/doctor/schedule.html?unit_id=131&dep_id=769&doctor_id=18241> (referer: None)
2017-08-16 16:19:55 [scrapy.core.engine] DEBUG: Crawled (200) <GET https://wap.91160.com/doctor/schedule.html?unit_id=131&dep_id=769&doctor_id=18241> (referer: None)
2017-08-16 16:19:55 [scrapy.core.engine] DEBUG: Crawled (200) <GET https://wap.91160.com/doctor/schedule.html?unit_id=131&dep_id=769&doctor_id=18241> (referer: None)
2017-08-16 16:19:56 [scrapy.core.engine] DEBUG: Crawled (200) <GET https://wap.91160.com/doctor/schedule.html?unit_id=131&dep_id=769&doctor_id=18241> (referer: None)
2017-08-16 16:19:59 [scrapy.core.engine] DEBUG: Crawled (200) <GET https://wap.91160.com/doctor/schedule.html?unit_id=131&dep_id=769&doctor_id=18241> (referer: None)
2017-08-16 16:20:00 [scrapy.core.engine] DEBUG: Crawled (200) <GET https://wap.91160.com/doctor/schedule.html?unit_id=131&dep_id=769&doctor_id=18241> (referer: None)
2017-08-16 16:20:00 [scrapy.core.engine] DEBUG: Crawled (200) <GET https://wap.91160.com/doctor/schedule.html?unit_id=131&dep_id=769&doctor_id=18241> (referer: None)
2017-08-16 16:20:01 [scrapy.core.engine] DEBUG: Crawled (200) <GET https://wap.91160.com/doctor/schedule.html?unit_id=131&dep_id=769&doctor_id=18241> (referer: None)
2017-08-16 16:20:02 [scrapy.core.engine] DEBUG: Crawled (200) <GET https://wap.91160.com/doctor/schedule.html?unit_id=131&dep_id=769&doctor_id=18241> (referer: None)
2017-08-16 16:20:03 [scrapy.core.engine] DEBUG: Crawled (200) <GET https://wap.91160.com/doctor/schedule.html?unit_id=131&dep_id=769&doctor_id=18241> (referer: None)
2017-08-16 16:20:04 [scrapy.core.engine] DEBUG: Crawled (200) <GET https://wap.91160.com/doctor/schedule.html?unit_id=131&dep_id=769&doctor_id=18241> (referer: None)
2017-08-16 16:20:05 [scrapy.core.engine] DEBUG: Crawled (200) <GET https://wap.91160.com/doctor/schedule.html?unit_id=131&dep_id=769&doctor_id=18241> (referer: None)
2017-08-16 16:20:06 [scrapy.core.engine] DEBUG: Crawled (200) <GET https://wap.91160.com/doctor/schedule.html?unit_id=131&dep_id=769&doctor_id=18241> (referer: None)
2017-08-16 16:20:07 [scrapy.core.engine] DEBUG: Crawled (200) <GET https://wap.91160.com/doctor/schedule.html?unit_id=131&dep_id=769&doctor_id=18241> (referer: None)
2017-08-16 16:20:08 [scrapy.core.engine] DEBUG: Crawled (200) <GET https://wap.91160.com/doctor/schedule.html?unit_id=131&dep_id=769&doctor_id=18241> (referer: None)
2017-08-16 16:20:09 [scrapy.core.engine] DEBUG: Crawled (200) <GET https://wap.91160.com/doctor/schedule.html?unit_id=131&dep_id=769&doctor_id=18241> (referer: None)
2017-08-16 16:20:10 [scrapy.core.engine] DEBUG: Crawled (200) <GET https://wap.91160.com/doctor/schedule.html?unit_id=131&dep_id=769&doctor_id=18241> (referer: None)
2017-08-16 16:20:11 [scrapy.core.engine] DEBUG: Crawled (200) <GET https://wap.91160.com/doctor/schedule.html?unit_id=131&dep_id=769&doctor_id=18241> (referer: None)
2017-08-16 16:20:12 [scrapy.core.engine] DEBUG: Crawled (200) <GET https://wap.91160.com/doctor/schedule.html?unit_id=131&dep_id=769&doctor_id=18241> (referer: None)
2017-08-16 16:20:12 [scrapy.core.engine] DEBUG: Crawled (200) <GET https://wap.91160.com/doctor/schedule.html?unit_id=131&dep_id=769&doctor_id=18241> (referer: None)
2017-08-16 16:20:13 [scrapy.core.engine] DEBUG: Crawled (200) <GET https://wap.91160.com/doctor/schedule.html?unit_id=131&dep_id=769&doctor_id=18241> (referer: None)
2017-08-16 16:20:14 [scrapy.core.engine] DEBUG: Crawled (200) <GET https://wap.91160.com/doctor/schedule.html?unit_id=131&dep_id=769&doctor_id=18241> (referer: None)
2017-08-16 16:20:15 [scrapy.core.engine] DEBUG: Crawled (200) <GET https://wap.91160.com/doctor/schedule.html?unit_id=131&dep_id=769&doctor_id=18241> (referer: None)
2017-08-16 16:20:16 [scrapy.core.engine] DEBUG: Crawled (200) <GET https://wap.91160.com/doctor/schedule.html?unit_id=131&dep_id=769&doctor_id=18241> (referer: None)
2017-08-16 16:20:17 [scrapy.core.engine] DEBUG: Crawled (200) <GET https://wap.91160.com/doctor/schedule.html?unit_id=131&dep_id=769&doctor_id=18241> (referer: None)
2017-08-16 16:20:18 [scrapy.core.engine] DEBUG: Crawled (200) <GET https://wap.91160.com/doctor/schedule.html?unit_id=131&dep_id=769&doctor_id=18241> (referer: None)
2017-08-16 16:20:19 [scrapy.core.engine] DEBUG: Crawled (200) <GET https://wap.91160.com/doctor/schedule.html?unit_id=131&dep_id=769&doctor_id=18241> (referer: None)
2017-08-16 16:20:20 [scrapy.core.engine] DEBUG: Crawled (200) <GET https://wap.91160.com/doctor/schedule.html?unit_id=131&dep_id=769&doctor_id=18241> (referer: None)
2017-08-16 16:20:22 [scrapy.core.engine] DEBUG: Crawled (200) <GET https://wap.91160.com/doctor/schedule.html?unit_id=131&dep_id=769&doctor_id=18241> (referer: None)
2017-08-16 16:20:23 [scrapy.core.engine] DEBUG: Crawled (200) <GET https://wap.91160.com/doctor/schedule.html?unit_id=131&dep_id=769&doctor_id=18241> (referer: None)
2017-08-16 16:20:24 [scrapy.core.engine] DEBUG: Crawled (200) <GET https://wap.91160.com/doctor/schedule.html?unit_id=131&dep_id=769&doctor_id=18241> (referer: None)
2017-08-16 16:20:25 [scrapy.core.engine] DEBUG: Crawled (200) <GET https://wap.91160.com/doctor/schedule.html?unit_id=131&dep_id=769&doctor_id=18241> (referer: None)
2017-08-16 16:20:26 [scrapy.core.engine] DEBUG: Crawled (200) <GET https://wap.91160.com/doctor/schedule.html?unit_id=131&dep_id=769&doctor_id=18241> (referer: None)
2017-08-16 16:20:27 [scrapy.core.engine] DEBUG: Crawled (200) <GET https://wap.91160.com/doctor/schedule.html?unit_id=131&dep_id=769&doctor_id=18241> (referer: None)
2017-08-16 16:20:28 [scrapy.core.engine] DEBUG: Crawled (200) <GET https://wap.91160.com/doctor/schedule.html?unit_id=131&dep_id=769&doctor_id=18241> (referer: None)
2017-08-16 16:20:29 [scrapy.core.engine] DEBUG: Crawled (200) <GET https://wap.91160.com/doctor/schedule.html?unit_id=131&dep_id=769&doctor_id=18241> (referer: None)
2017-08-16 16:20:30 [scrapy.core.engine] DEBUG: Crawled (200) <GET https://wap.91160.com/doctor/schedule.html?unit_id=131&dep_id=769&doctor_id=18241> (referer: None)
2017-08-16 16:20:30 [scrapy.core.engine] DEBUG: Crawled (200) <GET https://wap.91160.com/doctor/schedule.html?unit_id=131&dep_id=769&doctor_id=18241> (referer: None)
2017-08-16 16:20:31 [scrapy.extensions.logstats] INFO: Crawled 120 pages (at 59 pages/min), scraped 0 items (at 0 items/min)
2017-08-16 16:20:31 [scrapy.core.engine] DEBUG: Crawled (200) <GET https://wap.91160.com/doctor/schedule.html?unit_id=131&dep_id=769&doctor_id=18241> (referer: None)
2017-08-16 16:20:32 [scrapy.core.engine] DEBUG: Crawled (200) <GET https://wap.91160.com/doctor/schedule.html?unit_id=131&dep_id=769&doctor_id=18241> (referer: None)
2017-08-16 16:20:33 [scrapy.core.engine] DEBUG: Crawled (200) <GET https://wap.91160.com/doctor/schedule.html?unit_id=131&dep_id=769&doctor_id=18241> (referer: None)
2017-08-16 16:20:34 [scrapy.core.engine] DEBUG: Crawled (200) <GET https://wap.91160.com/doctor/schedule.html?unit_id=131&dep_id=769&doctor_id=18241> (referer: None)
2017-08-16 16:20:35 [scrapy.core.engine] DEBUG: Crawled (200) <GET https://wap.91160.com/doctor/schedule.html?unit_id=131&dep_id=769&doctor_id=18241> (referer: None)
2017-08-16 16:20:36 [scrapy.core.engine] DEBUG: Crawled (200) <GET https://wap.91160.com/doctor/schedule.html?unit_id=131&dep_id=769&doctor_id=18241> (referer: None)
2017-08-16 16:20:37 [scrapy.core.engine] DEBUG: Crawled (200) <GET https://wap.91160.com/doctor/schedule.html?unit_id=131&dep_id=769&doctor_id=18241> (referer: None)
2017-08-16 16:20:38 [scrapy.core.engine] DEBUG: Crawled (200) <GET https://wap.91160.com/doctor/schedule.html?unit_id=131&dep_id=769&doctor_id=18241> (referer: None)
2017-08-16 16:20:39 [scrapy.core.engine] DEBUG: Crawled (200) <GET https://wap.91160.com/doctor/schedule.html?unit_id=131&dep_id=769&doctor_id=18241> (referer: None)
2017-08-16 16:20:40 [scrapy.core.engine] DEBUG: Crawled (200) <GET https://wap.91160.com/doctor/schedule.html?unit_id=131&dep_id=769&doctor_id=18241> (referer: None)
2017-08-16 16:20:40 [scrapy.core.engine] DEBUG: Crawled (200) <GET https://wap.91160.com/doctor/schedule.html?unit_id=131&dep_id=769&doctor_id=18241> (referer: None)
2017-08-16 16:20:42 [scrapy.core.engine] DEBUG: Crawled (200) <GET https://wap.91160.com/doctor/schedule.html?unit_id=131&dep_id=769&doctor_id=18241> (referer: None)
2017-08-16 16:20:42 [scrapy.core.engine] DEBUG: Crawled (200) <GET https://wap.91160.com/doctor/schedule.html?unit_id=131&dep_id=769&doctor_id=18241> (referer: None)
2017-08-16 16:20:43 [scrapy.core.engine] DEBUG: Crawled (200) <GET https://wap.91160.com/doctor/schedule.html?unit_id=131&dep_id=769&doctor_id=18241> (referer: None)
2017-08-16 16:20:45 [scrapy.core.engine] DEBUG: Crawled (200) <GET https://wap.91160.com/doctor/schedule.html?unit_id=131&dep_id=769&doctor_id=18241> (referer: None)
2017-08-16 16:20:45 [scrapy.core.engine] DEBUG: Crawled (200) <GET https://wap.91160.com/doctor/schedule.html?unit_id=131&dep_id=769&doctor_id=18241> (referer: None)
2017-08-16 16:20:46 [scrapy.core.engine] DEBUG: Crawled (200) <GET https://wap.91160.com/doctor/schedule.html?unit_id=131&dep_id=769&doctor_id=18241> (referer: None)
2017-08-16 16:20:47 [scrapy.core.engine] DEBUG: Crawled (200) <GET https://wap.91160.com/doctor/schedule.html?unit_id=131&dep_id=769&doctor_id=18241> (referer: None)
2017-08-16 16:20:49 [scrapy.core.engine] DEBUG: Crawled (200) <GET https://wap.91160.com/doctor/schedule.html?unit_id=131&dep_id=769&doctor_id=18241> (referer: None)
2017-08-16 16:20:50 [scrapy.core.engine] DEBUG: Crawled (200) <GET https://wap.91160.com/doctor/schedule.html?unit_id=131&dep_id=769&doctor_id=18241> (referer: None)
2017-08-16 16:20:51 [scrapy.core.engine] DEBUG: Crawled (200) <GET https://wap.91160.com/doctor/schedule.html?unit_id=131&dep_id=769&doctor_id=18241> (referer: None)
2017-08-16 16:20:52 [scrapy.core.engine] DEBUG: Crawled (200) <GET https://wap.91160.com/doctor/schedule.html?unit_id=131&dep_id=769&doctor_id=18241> (referer: None)
2017-08-16 16:20:52 [scrapy.core.engine] DEBUG: Crawled (200) <GET https://wap.91160.com/doctor/schedule.html?unit_id=131&dep_id=769&doctor_id=18241> (referer: None)
2017-08-16 16:20:53 [scrapy.core.engine] DEBUG: Crawled (200) <GET https://wap.91160.com/doctor/schedule.html?unit_id=131&dep_id=769&doctor_id=18241> (referer: None)
2017-08-16 16:20:54 [scrapy.core.engine] DEBUG: Crawled (200) <GET https://wap.91160.com/doctor/schedule.html?unit_id=131&dep_id=769&doctor_id=18241> (referer: None)
2017-08-16 16:20:55 [scrapy.core.engine] DEBUG: Crawled (200) <GET https://wap.91160.com/doctor/schedule.html?unit_id=131&dep_id=769&doctor_id=18241> (referer: None)
2017-08-16 16:20:56 [scrapy.core.engine] DEBUG: Crawled (200) <GET https://wap.91160.com/doctor/schedule.html?unit_id=131&dep_id=769&doctor_id=18241> (referer: None)
2017-08-16 16:20:57 [scrapy.core.engine] DEBUG: Crawled (200) <GET https://wap.91160.com/doctor/schedule.html?unit_id=131&dep_id=769&doctor_id=18241> (referer: None)
2017-08-16 16:20:58 [scrapy.core.engine] DEBUG: Crawled (200) <GET https://wap.91160.com/doctor/schedule.html?unit_id=131&dep_id=769&doctor_id=18241> (referer: None)
2017-08-16 16:20:59 [scrapy.core.engine] DEBUG: Crawled (200) <GET https://wap.91160.com/doctor/schedule.html?unit_id=131&dep_id=769&doctor_id=18241> (referer: None)
2017-08-16 16:21:00 [scrapy.core.engine] DEBUG: Crawled (200) <GET https://wap.91160.com/doctor/schedule.html?unit_id=131&dep_id=769&doctor_id=18241> (referer: None)
2017-08-16 16:21:01 [scrapy.core.engine] DEBUG: Crawled (200) <GET https://wap.91160.com/doctor/schedule.html?unit_id=131&dep_id=769&doctor_id=18241> (referer: None)
2017-08-16 16:21:02 [scrapy.core.engine] DEBUG: Crawled (200) <GET https://wap.91160.com/doctor/schedule.html?unit_id=131&dep_id=769&doctor_id=18241> (referer: None)
2017-08-16 16:21:03 [scrapy.core.engine] DEBUG: Crawled (200) <GET https://wap.91160.com/doctor/schedule.html?unit_id=131&dep_id=769&doctor_id=18241> (referer: None)
2017-08-16 16:21:04 [scrapy.core.engine] DEBUG: Crawled (200) <GET https://wap.91160.com/doctor/schedule.html?unit_id=131&dep_id=769&doctor_id=18241> (referer: None)
2017-08-16 16:21:05 [scrapy.core.engine] DEBUG: Crawled (200) <GET https://wap.91160.com/doctor/schedule.html?unit_id=131&dep_id=769&doctor_id=18241> (referer: None)
2017-08-16 16:21:06 [scrapy.core.engine] DEBUG: Crawled (200) <GET https://wap.91160.com/doctor/schedule.html?unit_id=131&dep_id=769&doctor_id=18241> (referer: None)
2017-08-16 16:21:07 [scrapy.core.engine] DEBUG: Crawled (200) <GET https://wap.91160.com/doctor/schedule.html?unit_id=131&dep_id=769&doctor_id=18241> (referer: None)
2017-08-16 16:21:08 [scrapy.core.engine] DEBUG: Crawled (200) <GET https://wap.91160.com/doctor/schedule.html?unit_id=131&dep_id=769&doctor_id=18241> (referer: None)
2017-08-16 16:21:08 [scrapy.core.engine] DEBUG: Crawled (200) <GET https://wap.91160.com/doctor/schedule.html?unit_id=131&dep_id=769&doctor_id=18241> (referer: None)
2017-08-16 16:21:09 [scrapy.core.engine] DEBUG: Crawled (200) <GET https://wap.91160.com/doctor/schedule.html?unit_id=131&dep_id=769&doctor_id=18241> (referer: None)
2017-08-16 16:21:10 [scrapy.core.engine] DEBUG: Crawled (200) <GET https://wap.91160.com/doctor/schedule.html?unit_id=131&dep_id=769&doctor_id=18241> (referer: None)
2017-08-16 16:21:11 [scrapy.core.engine] DEBUG: Crawled (200) <GET https://wap.91160.com/doctor/schedule.html?unit_id=131&dep_id=769&doctor_id=18241> (referer: None)
2017-08-16 16:21:12 [scrapy.core.engine] DEBUG: Crawled (200) <GET https://wap.91160.com/doctor/schedule.html?unit_id=131&dep_id=769&doctor_id=18241> (referer: None)
2017-08-16 16:21:13 [scrapy.core.engine] DEBUG: Crawled (200) <GET https://wap.91160.com/doctor/schedule.html?unit_id=131&dep_id=769&doctor_id=18241> (referer: None)
2017-08-16 16:21:14 [scrapy.core.engine] DEBUG: Crawled (200) <GET https://wap.91160.com/doctor/schedule.html?unit_id=131&dep_id=769&doctor_id=18241> (referer: None)
2017-08-16 16:21:15 [scrapy.core.engine] DEBUG: Crawled (200) <GET https://wap.91160.com/doctor/schedule.html?unit_id=131&dep_id=769&doctor_id=18241> (referer: None)
2017-08-16 16:21:16 [scrapy.core.engine] DEBUG: Crawled (200) <GET https://wap.91160.com/doctor/schedule.html?unit_id=131&dep_id=769&doctor_id=18241> (referer: None)
2017-08-16 16:21:17 [scrapy.core.engine] DEBUG: Crawled (200) <GET https://wap.91160.com/doctor/schedule.html?unit_id=131&dep_id=769&doctor_id=18241> (referer: None)
2017-08-16 16:21:17 [scrapy.core.engine] DEBUG: Crawled (200) <GET https://wap.91160.com/doctor/schedule.html?unit_id=131&dep_id=769&doctor_id=18241> (referer: None)
2017-08-16 16:21:18 [scrapy.core.engine] DEBUG: Crawled (200) <GET https://wap.91160.com/doctor/schedule.html?unit_id=131&dep_id=769&doctor_id=18241> (referer: None)
2017-08-16 16:21:19 [scrapy.crawler] INFO: Received SIGINT, shutting down gracefully. Send again to force 
2017-08-16 16:21:19 [scrapy.core.engine] INFO: Closing spider (shutdown)
2017-08-16 16:21:19 [scrapy.core.engine] DEBUG: Crawled (200) <GET https://wap.91160.com/doctor/schedule.html?unit_id=131&dep_id=769&doctor_id=18241> (referer: None)
2017-08-16 16:21:19 [scrapy.statscollectors] INFO: Dumping Scrapy stats:
{'downloader/request_bytes': 118875,
 'downloader/request_count': 172,
 'downloader/request_method_count/GET': 172,
 'downloader/response_bytes': 201770,
 'downloader/response_count': 172,
 'downloader/response_status_count/200': 172,
 'finish_reason': 'shutdown',
 'finish_time': datetime.datetime(2017, 8, 16, 8, 21, 19, 773000),
 'log_count/DEBUG': 173,
 'log_count/INFO': 10,
 'response_received_count': 172,
 'scheduler/dequeued': 172,
 'scheduler/dequeued/memory': 172,
 'scheduler/enqueued': 172,
 'scheduler/enqueued/memory': 172,
 'start_time': datetime.datetime(2017, 8, 16, 8, 18, 31, 780000)}
2017-08-16 16:21:19 [scrapy.core.engine] INFO: Spider closed (shutdown)
