1488769206003	geckodriver	INFO	Listening on 127.0.0.1:61937
1488769208191	mozprofile::profile	INFO	Using profile path C:\Users\ADMINI~1\AppData\Local\Temp\rust_mozprofile.NLHpA3k10Wgz
1488769208222	geckodriver::marionette	INFO	Starting browser C:\Program Files (x86)\Mozilla Firefox\firefox.exe
1488769208244	geckodriver::marionette	INFO	Connecting to Marionette on localhost:61943
1488769210500	Marionette	INFO	Listening on port 61943
1488769213235	Marionette	INFO	startBrowser d8a50b05-1b88-4cbd-b31c-e4565721d303
JavaScript warning: https://i.alicdn.com/ae-header/20170208145626/buyer/front/ae-header.js, line 4: unreachable code after return statement
JavaScript warning: https://i.alicdn.com/ae-header/20170208145626/buyer/front/ae-header.js, line 4: unreachable code after return statement
[GFX1-]: [D2D1.1] 4CreateBitmap failure Size(20,24000) Code: 0x80070057 format 0
[Child 1124] WARNING: pipe error: 232: file c:/builds/moz2_slave/m-rel-w32-00000000000000000000/build/src/ipc/chromium/src/chrome/common/ipc_channel_win.cc, line 513

###!!! [Child][MessageChannel::SendAndWait] Error: Channel error: cannot send/recv


###!!! [Child][MessageChannel::SendAndWait] Error: (msgtype=0xFA0006,name=PTexture::Msg_DestroySync) Channel error: cannot send/recv


###!!! [Child][MessageChannel::SendAndWait] Error: (msgtype=0xFA0006,name=PTexture::Msg_DestroySync) Channel error: cannot send/recv


###!!! [Child][MessageChannel] Error: (msgtype=0x400003,name=PCompositable::Msg_Destroy) Channel error: cannot send/recv


###!!! [Child][MessageChannel] Error: (msgtype=0x900001,name=PLayer::Msg___delete__) Channel error: cannot send/recv


###!!! [Child][OnMaybeDequeueOne] Error: Channel error: cannot send/recv

[Child 1124] ###!!! ABORT: Aborting on channel error.: file c:/builds/moz2_slave/m-rel-w32-00000000000000000000/build/src/ipc/glue/MessageChannel.cpp, line 2052
[NPAPI 9260] ###!!! ABORT: Aborting on channel error.: file c:/builds/moz2_slave/m-rel-w32-00000000000000000000/build/src/ipc/glue/MessageChannel.cpp, line 2052
2_slave/m-rel-w32-00000000000000000000/build/src/ipc/glue/MessageChannel.cpp, line 2052
#!!! [Child][MessageChannel] Error: (msgtype=0x400003,name=PCompositable::Msg_Destroy) Channel error: cannot send/recv


###!!! [Child][MessageChannel] Error: (msgtype=0xFA0005,name=PTexture::Msg_Destroy) Channel error: cannot send/recv


###!!! [Child][MessageChannel] Error: (msgtype=0xFA0005,name=PTexture::Msg_Destroy) Channel error: cannot send/recv


###!!! [Child][MessageChannel] Error: (msgtype=0x400003,name=PCompositable::Msg_Destroy) Channel error: cannot send/recv


###!!! [Child][MessageChannel] Error: (msgtype=0xFA0005,name=PTexture::Msg_Destroy) Channel error: cannot send/recv


###!!! [Child][MessageChannel] Error: (msgtype=0xFA0005,name=PTexture::Msg_Destroy) Channel error: cannot send/recv


###!!! [Child][MessageChannel] Error: (msgtype=0x400003,name=PCompositable::Msg_Destroy) Channel error: cannot send/recv

[NPAPI 4884] ###!!! ABORT: Aborting on channel error.: file c:/builds/moz2_slave/m-rel-w32-00000000000000000000/build/src/ipc/glue/MessageChannel.cpp, line 2052
